<?xml version="1.0" encoding="UTF-8"?>
<!-- Generated by org.testng.reporters.JUnitReportReporter -->
<testsuite hostname="Saryu-PC" failures="0" tests="2" name="TestCases.TC01_Add_Nationality" time="19.170" errors="0" timestamp="22 Dec 2019 23:08:19 GMT" skipped="0">
  <testcase classname="TestCases.TC01_Add_Nationality" name="Nationality_call_allmethods" time="14.725"/>
  <testcase classname="TestCases.TC01_Add_Nationality" name="Nationality_call_allmethods" time="4.445"/>
</testsuite> <!-- TestCases.TC01_Add_Nationality -->
