<?xml version="1.0" encoding="UTF-8"?>
<!-- Generated by org.testng.reporters.JUnitReportReporter -->
<testsuite hostname="Saryu-PC" failures="0" tests="1" name="First_Anusha.TC03_Login_Static_Paarameters" time="19.505" errors="0" timestamp="20 Sep 2019 06:40:36 GMT" skipped="0">
  <testcase classname="First_Anusha.TC03_Login_Static_Paarameters" name="Login_Test" time="19.505"/>
</testsuite> <!-- First_Anusha.TC03_Login_Static_Paarameters -->
