<?xml version="1.0" encoding="UTF-8"?>
<!-- Generated by org.testng.reporters.JUnitReportReporter -->
<testsuite hostname="Sudhakar-PC" failures="0" tests="1" name="ParallelTests.MercuryTest" time="12.777" errors="0" timestamp="15 Sep 2019 01:36:24 GMT" skipped="0">
  <testcase classname="ParallelTests.MercuryTest" name="Open_Mercury" time="12.777"/>
</testsuite> <!-- ParallelTests.MercuryTest -->
