<?xml version="1.0" encoding="UTF-8"?>
<!-- Generated by org.testng.reporters.JUnitReportReporter -->
<testsuite hostname="Sudhakar-PC" failures="0" tests="1" name="Reporter_Example_Word.TC01_Test" time="62.921" errors="0" timestamp="11 Sep 2019 23:30:02 GMT" skipped="0">
  <testcase classname="Reporter_Example_Word.TC01_Test" name="Test1" time="62.921"/>
</testsuite> <!-- Reporter_Example_Word.TC01_Test -->
