<?xml version="1.0" encoding="UTF-8"?>
<!-- Generated by org.testng.reporters.JUnitReportReporter -->
<testsuite hostname="Saryu-PC" failures="0" tests="1" name="First_Anusha.TC02_Login_Static" time="12.288" errors="0" timestamp="17 Sep 2019 07:16:58 GMT" skipped="0">
  <testcase classname="First_Anusha.TC02_Login_Static" name="Login_Test" time="12.288"/>
</testsuite> <!-- First_Anusha.TC02_Login_Static -->
