<?xml version="1.0" encoding="UTF-8"?>
<!-- Generated by org.testng.reporters.JUnitReportReporter -->
<testsuite hostname="Saryu-PC" failures="0" tests="1" name="First_Anusha.TC01_First" time="13.078" errors="0" timestamp="15 Sep 2019 09:13:48 GMT" skipped="0">
  <testcase classname="First_Anusha.TC01_First" name="Login_Test" time="13.078"/>
</testsuite> <!-- First_Anusha.TC01_First -->
