<?xml version="1.0" encoding="UTF-8"?>
<!-- Generated by org.testng.reporters.JUnitReportReporter -->
<testsuite hostname="Sudhakar-PC" failures="0" tests="2" name="TestNG_Paraneters.TC02_Login_Static_Paarameters1" time="68.677" errors="0" timestamp="13 Sep 2019 14:56:22 GMT" skipped="0">
  <testcase classname="TestNG_Paraneters.TC02_Login_Static_Paarameters1" name="Login_Test" time="38.962"/>
  <testcase classname="TestNG_Paraneters.TC02_Login_Static_Paarameters1" name="Login_Test" time="29.715"/>
</testsuite> <!-- TestNG_Paraneters.TC02_Login_Static_Paarameters1 -->
