<?xml version="1.0" encoding="UTF-8"?>
<!-- Generated by org.testng.reporters.JUnitReportReporter -->
<testsuite hostname="Saryu-PC" failures="0" tests="1" name="TestNG_DataProvider_Lab1.OrangeHRM_DataProvider_Lab1" time="18.501" errors="0" timestamp="21 Sep 2019 09:26:00 GMT" skipped="0">
  <testcase classname="TestNG_DataProvider_Lab1.OrangeHRM_DataProvider_Lab1" name="Test1" time="18.501"/>
</testsuite> <!-- TestNG_DataProvider_Lab1.OrangeHRM_DataProvider_Lab1 -->
