<?xml version="1.0" encoding="UTF-8"?>
<!-- Generated by org.testng.reporters.JUnitReportReporter -->
<testsuite hostname="Saryu-PC" failures="0" tests="1" name="First_Anusha.TC04_Login_NonStatic" time="18.830" errors="0" timestamp="15 Sep 2019 09:59:32 GMT" skipped="0">
  <testcase classname="First_Anusha.TC04_Login_NonStatic" name="Login_Test" time="18.830"/>
</testsuite> <!-- First_Anusha.TC04_Login_NonStatic -->
