<?xml version="1.0" encoding="UTF-8"?>
<!-- Generated by org.testng.reporters.JUnitReportReporter -->
<testsuite hostname="Saryu-PC" failures="0" tests="1" name="First_Anusha.TC01_Login" time="11.675" errors="0" timestamp="15 Sep 2019 09:19:07 GMT" skipped="0">
  <testcase classname="First_Anusha.TC01_Login" name="Login_Test" time="11.675"/>
</testsuite> <!-- First_Anusha.TC01_Login -->
