<?xml version="1.0" encoding="UTF-8"?>
<!-- Generated by org.testng.reporters.JUnitReportReporter -->
<testsuite hostname="Saryu-PC" failures="0" tests="1" name="First_Demo.fir" time="12.107" errors="0" timestamp="15 Sep 2019 10:32:25 GMT" skipped="0">
  <testcase classname="First_Demo.fir" name="Login_Test" time="12.107"/>
</testsuite> <!-- First_Demo.fir -->
