<?xml version="1.0" encoding="UTF-8"?>
<!-- Generated by org.testng.reporters.JUnitReportReporter -->
<testsuite hostname="Sudhakar-PC" failures="0" tests="1" name="First_Demo.TC01_Login" time="17.604" errors="0" timestamp="11 Sep 2019 13:59:08 GMT" skipped="0">
  <testcase classname="First_Demo.TC01_Login" name="login_test" time="17.604"/>
</testsuite> <!-- First_Demo.TC01_Login -->
