<?xml version="1.0" encoding="UTF-8"?>
<!-- Generated by org.testng.reporters.JUnitReportReporter -->
<testsuite hostname="Saryu-PC" failures="0" tests="1" name="frist_swapna.jai" time="12.017" errors="0" timestamp="16 Sep 2019 06:41:18 GMT" skipped="0">
  <testcase classname="frist_swapna.jai" name="Login_Test" time="12.017"/>
</testsuite> <!-- frist_swapna.jai -->
