<?xml version="1.0" encoding="UTF-8"?>
<!-- Generated by org.testng.reporters.JUnitReportReporter -->
<testsuite hostname="Saryu-PC" failures="0" tests="2" name="TestCases.TC01_Add_Skills" time="17.737" errors="0" timestamp="22 Dec 2019 23:05:23 GMT" skipped="0">
  <testcase classname="TestCases.TC01_Add_Skills" name="Skills_call_allmethods" time="3.647"/>
  <testcase classname="TestCases.TC01_Add_Skills" name="Skills_call_allmethods" time="14.090"/>
</testsuite> <!-- TestCases.TC01_Add_Skills -->
