<?xml version="1.0" encoding="UTF-8"?>
<!-- Generated by org.testng.reporters.JUnitReportReporter -->
<testsuite hostname="Saryu-PC" failures="0" tests="1" name="Frist_swapna.nihal" time="11.867" errors="0" timestamp="16 Sep 2019 06:57:26 GMT" skipped="0">
  <testcase classname="Frist_swapna.nihal" name="Login_Test" time="11.867"/>
</testsuite> <!-- Frist_swapna.nihal -->
