<?xml version="1.0" encoding="UTF-8"?>
<!-- Generated by org.testng.reporters.JUnitReportReporter -->
<testsuite hostname="Saryu-PC" failures="0" tests="2" name="TestNG_DataProvider_Lab2.OrangeHRM_DataProvider_Lab1" time="35.597" errors="0" timestamp="21 Sep 2019 09:41:55 GMT" skipped="0">
  <testcase classname="TestNG_DataProvider_Lab2.OrangeHRM_DataProvider_Lab1" name="Test1" time="19.188"/>
  <testcase classname="TestNG_DataProvider_Lab2.OrangeHRM_DataProvider_Lab1" name="Test1" time="16.409"/>
</testsuite> <!-- TestNG_DataProvider_Lab2.OrangeHRM_DataProvider_Lab1 -->
