<?xml version="1.0" encoding="UTF-8"?>
<!-- Generated by org.testng.reporters.JUnitReportReporter -->
<testsuite hostname="admin-PC" failures="0" tests="1" name="WebTable_Examples.ExportEmployees" time="96.398" errors="0" timestamp="31 Aug 2019 04:14:27 GMT" skipped="0">
  <testcase classname="WebTable_Examples.ExportEmployees" name="ExportAllEmployees" time="96.398"/>
</testsuite> <!-- WebTable_Examples.ExportEmployees -->
