<?xml version="1.0" encoding="UTF-8"?>
<!-- Generated by org.testng.reporters.JUnitReportReporter -->
<testsuite hostname="Sudhakar-PC" failures="0" tests="1" name="Reporter_Example.TestExample1" time="13.367" errors="0" timestamp="13 Sep 2019 01:50:00 GMT" skipped="0">
  <testcase classname="Reporter_Example.TestExample1" name="Test2" time="13.367"/>
</testsuite> <!-- Reporter_Example.TestExample1 -->
