<?xml version="1.0" encoding="UTF-8"?>
<!-- Generated by org.testng.reporters.JUnitReportReporter -->
<testsuite hostname="Saryu-PC" failures="0" tests="3" name="TestNG_DataProvider_Lab1.OrangeHRM_DataProvider_Lab2" time="51.478" errors="0" timestamp="21 Sep 2019 09:33:51 GMT" skipped="0">
  <testcase classname="TestNG_DataProvider_Lab1.OrangeHRM_DataProvider_Lab2" name="Test1" time="19.287"/>
  <testcase classname="TestNG_DataProvider_Lab1.OrangeHRM_DataProvider_Lab2" name="Test1" time="16.120"/>
  <testcase classname="TestNG_DataProvider_Lab1.OrangeHRM_DataProvider_Lab2" name="Test1" time="16.071"/>
</testsuite> <!-- TestNG_DataProvider_Lab1.OrangeHRM_DataProvider_Lab2 -->
