<?xml version="1.0" encoding="UTF-8"?>
<!-- Generated by org.testng.reporters.JUnitReportReporter -->
<testsuite hostname="Sudhakar-PC" failures="0" tests="1" name="Reporter_Example.TestExample2_Browser" time="18.507" errors="0" timestamp="13 Sep 2019 01:53:51 GMT" skipped="0">
  <testcase classname="Reporter_Example.TestExample2_Browser" name="Test2" time="18.507"/>
</testsuite> <!-- Reporter_Example.TestExample2_Browser -->
