<?xml version="1.0" encoding="UTF-8"?>
<!-- Generated by org.testng.reporters.JUnitReportReporter -->
<testsuite hostname="admin-PC" failures="0" tests="1" name="Pavan2.WindlowsExam" time="116.456" errors="0" timestamp="16 Aug 2019 07:56:09 GMT" skipped="0">
  <testcase classname="Pavan2.WindlowsExam" name="Openapp" time="116.456"/>
</testsuite> <!-- Pavan2.WindlowsExam -->
