<?xml version="1.0" encoding="UTF-8"?>
<!-- Generated by org.testng.reporters.JUnitReportReporter -->
<testsuite hostname="Saryu-PC" failures="0" tests="1" name="frist_mahesh.lakshmi" time="11.737" errors="0" timestamp="16 Sep 2019 07:08:32 GMT" skipped="0">
  <testcase classname="frist_mahesh.lakshmi" name="Login_Test" time="11.737"/>
</testsuite> <!-- frist_mahesh.lakshmi -->
