<?xml version="1.0" encoding="UTF-8"?>
<!-- Generated by org.testng.reporters.JUnitReportReporter -->
<testsuite hostname="Saryu-PC" failures="0" tests="1" name="first_Swapana.jai" time="11.912" errors="0" timestamp="16 Sep 2019 06:11:17 GMT" skipped="0">
  <testcase classname="first_Swapana.jai" name="Login_Test" time="11.912"/>
</testsuite> <!-- first_Swapana.jai -->
