<?xml version="1.0" encoding="UTF-8"?>
<!-- Generated by org.testng.reporters.JUnitReportReporter -->
<testsuite hostname="Saryu-PC" failures="0" tests="1" name="First_Anusha.siva$TC01_First" time="13.503" errors="0" timestamp="15 Sep 2019 13:28:24 GMT" skipped="0">
  <testcase classname="First_Anusha.siva$TC01_First" name="Login_Test" time="13.503"/>
</testsuite> <!-- First_Anusha.siva$TC01_First -->
