<?xml version="1.0" encoding="UTF-8"?>
<!-- Generated by org.testng.reporters.JUnitReportReporter -->
<testsuite hostname="Sudhakar-PC" failures="0" tests="1" name="Reporter_Example1.TC01_Test" time="54.470" errors="0" timestamp="15 Sep 2019 02:40:35 GMT" skipped="0">
  <testcase classname="Reporter_Example1.TC01_Test" name="TC01_Report_Test" time="54.470"/>
</testsuite> <!-- Reporter_Example1.TC01_Test -->
