<?xml version="1.0" encoding="UTF-8"?>
<!-- Generated by org.testng.reporters.JUnitReportReporter -->
<testsuite hostname="Sudhakar-PC" failures="0" tests="2" name="TestNG_Paraneters1.BrowserTesting_DataProvider3" time="30.338" errors="0" timestamp="13 Sep 2019 22:08:00 GMT" skipped="0">
  <testcase classname="TestNG_Paraneters1.BrowserTesting_DataProvider3" name="Test3" time="24.741"/>
  <testcase classname="TestNG_Paraneters1.BrowserTesting_DataProvider3" name="Test3" time="5.597"/>
</testsuite> <!-- TestNG_Paraneters1.BrowserTesting_DataProvider3 -->
